autoscan: warning: missing AC_CHECK_FUNCS([gethostbyname]) wanted by: 
	vapi/vapi.c:308
autoscan: warning: missing AC_CHECK_FUNCS([gethostname]) wanted by: 
	vapi/vapi.c:307
autoscan: warning: missing AC_CHECK_FUNCS([inet_ntoa]) wanted by: 
	debug/rsp-server.c:414
autoscan: warning: missing AC_CHECK_FUNCS([memchr]) wanted by: 
	debug/rsp-server.c:1594
	debug/rsp-server.c:2195
autoscan: warning: missing AC_CHECK_FUNCS([memset]) wanted by: 
	sim-config.c:262
	sim-config.c:409
	argtable2/argtable2.c:1043
	cache/icache-model.c:493
	cache/icache-model.c:494
	cache/icache-model.c:495
	debug/jtag.c:201
	debug/jtag.c:965
	debug/debug-unit.c:213
	debug/debug-unit.c:214
	testsuite/test-code/lib-upcalls/lib-upcalls.c:322
	testsuite/test-code/lib-jtag/lib-jtag.c:162
	testsuite/test-code/lib-jtag/lib-jtag-full.c:286
	testsuite/test-code/lib-jtag/lib-jtag-full.c:447
	testsuite/test-code/lib-jtag/lib-jtag-full.c:575
	testsuite/test-code/lib-jtag/lib-jtag-full.c:786
	testsuite/test-code/lib-jtag/lib-jtag-full.c:930
	testsuite/test-code/lib-jtag/lib-jtag-full.c:1112
	testsuite/test-code/lib-jtag/lib-jtag-full.c:1236
	vapi/vapi.c:306
	support/dumpverilog.c:121
	peripheral/fb.c:528
	peripheral/16450.c:576
	peripheral/16450.c:578
	peripheral/16450.c:1149
	peripheral/16450.c:1150
	peripheral/16450.c:1170
	peripheral/16450.c:1338
	peripheral/ps2kbd.c:738
	peripheral/mc.c:207
	peripheral/mc.c:208
	peripheral/mc.c:435
	peripheral/generic.c:128
	peripheral/generic.c:185
	peripheral/generic.c:250
	peripheral/generic.c:320
	peripheral/generic.c:388
	peripheral/generic.c:455
	peripheral/generic.c:651
	peripheral/eth.c:1020
	peripheral/eth.c:1094
	peripheral/eth.c:1936
	peripheral/eth.c:1979
	peripheral/vga.c:428
	peripheral/atahost.c:631
	peripheral/atahost.c:690
	peripheral/dma.c:74
	peripheral/dma.c:625
	peripheral/gpio.c:381
	peripheral/gpio.c:382
	peripheral/gpio.c:404
	peripheral/channels/tcp.c:111
	cpu/common/stats.c:188
	cpu/common/stats.c:191
	cpu/common/stats.c:194
	cpu/common/stats.c:195
	cpu/common/stats.c:196
	cpu/common/stats.c:197
	cpu/common/stats.c:198
	cpu/or32/execute.c:856
	cpu/or32/execute.c:857
autoscan: warning: missing AC_CHECK_FUNCS([regcomp]) wanted by: 
	argtable2/arg_rex.c:56
	argtable2/arg_rex.c:225
autoscan: warning: missing AC_CHECK_FUNCS([socket]) wanted by: 
	tcp-connect.h:14
	debug/rsp-server.c:357
	vapi/vapi.c:269
	peripheral/channels/tcp.c:99
autoscan: warning: missing AC_CHECK_FUNCS([strdup]) wanted by: 
	sim-cmd.c:850
	sim-cmd.c:865
	sim-config.c:121
	sim-config.c:167
	sim-config.c:274
	sim-config.c:276
	sim-config.c:283
	sim-config.c:285
	sim-config.c:296
	sim-config.c:303
	sim-config.c:1138
	sim-config.c:1273
	sim-config.c:1308
	sim-config.c:1443
	sim-config.c:1476
	cuc/cuc.c:1174
	vapi/vapi.c:776
	peripheral/fb.c:471
	peripheral/fb.c:498
	peripheral/16450.c:1264
	peripheral/16450.c:1316
	peripheral/ps2kbd.c:686
	peripheral/ps2kbd.c:713
	peripheral/generic.c:557
	peripheral/eth.c:1792
	peripheral/eth.c:1820
	peripheral/eth.c:1850
	peripheral/eth.c:1947
	peripheral/eth.c:1948
	peripheral/eth.c:1949
	peripheral/vga.c:380
	peripheral/vga.c:409
	peripheral/memory.c:348
	peripheral/memory.c:355
	peripheral/memory.c:395
	peripheral/atahost.c:489
	peripheral/atahost.c:542
	peripheral/atahost.c:649
	peripheral/atahost.c:659
	peripheral/channels/file.c:97
	peripheral/channels/file.c:101
	peripheral/channels/tty.c:131
autoscan: warning: missing AC_CHECK_FUNCS([strerror]) wanted by: 
	debug/rsp-server.c:349
	debug/rsp-server.c:902
	debug/rsp-server.c:950
	testsuite/test-code/lib-upcalls/lib-upcalls.c:278
	testsuite/test-code/lib-upcalls/lib-upcalls.c:300
	testsuite/test-code/lib-upcalls/lib-upcalls.c:313
	peripheral/eth.c:176
	peripheral/eth.c:185
	peripheral/eth.c:244
	peripheral/eth.c:518
	peripheral/eth.c:531
	peripheral/eth.c:758
	peripheral/eth.c:771
	peripheral/eth.c:966
	peripheral/eth.c:978
	peripheral/eth.c:1012
	peripheral/eth.c:1027
autoscan: warning: missing AC_CHECK_FUNCS([strndup]) wanted by: 
	port/strndup.c:42
	port/port.h:41
	peripheral/channels/file.c:96
	peripheral/channels/channel.c:98
autoscan: warning: missing AC_CHECK_FUNCS([strpbrk]) wanted by: 
	support/debug.c:105
autoscan: warning: missing AC_CHECK_FUNCS([strtoul]) wanted by: 
	sim-cmd.c:185
	sim-cmd.c:189
	sim-cmd.c:205
	sim-cmd.c:209
	sim-cmd.c:230
	sim-cmd.c:234
	sim-cmd.c:259
	sim-cmd.c:261
	sim-cmd.c:277
	sim-cmd.c:285
	sim-cmd.c:293
	sim-cmd.c:309
	sim-cmd.c:309
	sim-cmd.c:322
	sim-cmd.c:347
	sim-cmd.c:378
	sim-cmd.c:383
	sim-cmd.c:518
	sim-config.c:468
	sim-config.c:889
	testsuite/test-code/lib-jtag/lib-jtag-full.c:180
	testsuite/test-code/lib-jtag/lib-jtag-full.c:251
	testsuite/test-code/lib-jtag/lib-jtag-full.c:383
	testsuite/test-code/lib-jtag/lib-jtag-full.c:384
	testsuite/test-code/lib-jtag/lib-jtag-full.c:385
	testsuite/test-code/lib-jtag/lib-jtag-full.c:889
	testsuite/test-code/lib-jtag/lib-jtag-full.c:1063
	testsuite/test-code/lib-jtag/lib-jtag-full.c:1064
autoscan: warning: missing AC_CHECK_HEADERS([arpa/inet.h]) wanted by: 
	tcp-connect.h:7
	debug/rsp-server.c:39
	peripheral/16450.c:258
autoscan: warning: missing AC_CHECK_HEADERS([fcntl.h]) wanted by: 
	toplevel-support.c:39
	debug/rsp-server.c:38
	vapi/vapi.c:39
	peripheral/eth.c:42
	peripheral/channels/xterm.c:45
	peripheral/channels/file.c:37
	peripheral/channels/tcp.c:39
	peripheral/channels/tty.c:37
autoscan: warning: missing AC_CHECK_HEADERS([netdb.h]) wanted by: 
	debug/rsp-server.c:33
	vapi/vapi.c:40
autoscan: warning: missing AC_CHECK_HEADERS([netinet/in.h]) wanted by: 
	vapi/vapi.c:38
	peripheral/channels/tcp.c:38
autoscan: warning: missing AC_CHECK_HEADERS([stddef.h]) wanted by: 
	port/strndup.c:36
	debug/jtag.c:33
	testsuite/test-code/lib-upcalls/lib-upcalls.c:29
	testsuite/test-code/lib-inttest/lib-inttest.c:28
	testsuite/test-code/lib-jtag/lib-jtag.c:29
	testsuite/test-code/lib-jtag/lib-jtag-full.c:29
autoscan: warning: missing AC_CHECK_HEADERS([sys/ioctl.h]) wanted by: 
	peripheral/eth.c:39
autoscan: warning: missing AC_CHECK_HEADERS([sys/socket.h]) wanted by: 
	tcp-connect.h:6
	debug/rsp-server.c:37
	vapi/vapi.c:37
	peripheral/16450.c:257
	peripheral/eth.c:38
	peripheral/channels/tcp.c:37
autoscan: warning: missing AC_CHECK_HEADERS([sys/time.h]) wanted by: 
	peripheral/channels/fd.c:35
autoscan: warning: missing AC_FUNC_FORK wanted by: 
	peripheral/channels/xterm.c:230
autoscan: warning: missing AC_FUNC_REALLOC wanted by: 
	cuc/insn.c:243
autoscan: warning: missing AC_PROG_CXX wanted by: 
	ltmain.sh:964
	ltmain.sh:1379
	ltmain.sh:1382
	ltmain.sh:1387
	ltmain.sh:1387
	ltmain.sh:1397
	ltmain.sh:1401
	ltmain.sh:1404
	ltmain.sh:1404
	ltmain.sh:2441
	builddir_or1ksim/Makefile:142
	builddir_or1ksim/Makefile:164
	builddir_or1ksim/Makefile:170
	builddir_or1ksim/Makefile:175
	builddir_or1ksim/argtable2/Makefile:130
	builddir_or1ksim/argtable2/Makefile:140
	builddir_or1ksim/argtable2/Makefile:146
	builddir_or1ksim/argtable2/Makefile:151
	builddir_or1ksim/argtable2/Makefile:412
	builddir_or1ksim/argtable2/Makefile:419
	builddir_or1ksim/argtable2/Makefile:426
	builddir_or1ksim/argtable2/Makefile:433
	builddir_or1ksim/argtable2/Makefile:440
	builddir_or1ksim/argtable2/Makefile:447
	builddir_or1ksim/argtable2/Makefile:454
	builddir_or1ksim/argtable2/Makefile:461
	builddir_or1ksim/argtable2/Makefile:468
	builddir_or1ksim/argtable2/Makefile:475
	builddir_or1ksim/argtable2/Makefile:482
	builddir_or1ksim/argtable2/Makefile:489
	builddir_or1ksim/softfloat/Makefile:105
	builddir_or1ksim/softfloat/Makefile:111
	builddir_or1ksim/softfloat/Makefile:116
	builddir_or1ksim/pm/Makefile:103
	builddir_or1ksim/pm/Makefile:109
	builddir_or1ksim/pm/Makefile:114
	builddir_or1ksim/port/Makefile:103
	builddir_or1ksim/port/Makefile:109
	builddir_or1ksim/port/Makefile:114
	builddir_or1ksim/cache/Makefile:103
	builddir_or1ksim/cache/Makefile:109
	builddir_or1ksim/cache/Makefile:114
	builddir_or1ksim/tick/Makefile:103
	builddir_or1ksim/tick/Makefile:109
	builddir_or1ksim/tick/Makefile:114
	builddir_or1ksim/cuc/Makefile:102
	builddir_or1ksim/cuc/Makefile:108
	builddir_or1ksim/cuc/Makefile:113
	builddir_or1ksim/debug/Makefile:103
	builddir_or1ksim/debug/Makefile:109
	builddir_or1ksim/debug/Makefile:114
	builddir_or1ksim/testsuite/test-code/lib-upcalls/Makefile:105
	builddir_or1ksim/testsuite/test-code/lib-upcalls/Makefile:111
	builddir_or1ksim/testsuite/test-code/lib-upcalls/Makefile:116
	builddir_or1ksim/testsuite/test-code/lib-iftest/Makefile:99
	builddir_or1ksim/testsuite/test-code/lib-iftest/Makefile:108
	builddir_or1ksim/testsuite/test-code/lib-iftest/Makefile:114
	builddir_or1ksim/testsuite/test-code/lib-iftest/Makefile:119
	builddir_or1ksim/testsuite/test-code/lib-inttest/Makefile:105
	builddir_or1ksim/testsuite/test-code/lib-inttest/Makefile:111
	builddir_or1ksim/testsuite/test-code/lib-inttest/Makefile:116
	builddir_or1ksim/testsuite/test-code/lib-jtag/Makefile:108
	builddir_or1ksim/testsuite/test-code/lib-jtag/Makefile:114
	builddir_or1ksim/testsuite/test-code/lib-jtag/Makefile:119
	builddir_or1ksim/testsuite/test-code-or1k/fbtest/Makefile:98
	builddir_or1ksim/testsuite/test-code-or1k/fbtest/Makefile:107
	builddir_or1ksim/testsuite/test-code-or1k/fbtest/Makefile:113
	builddir_or1ksim/testsuite/test-code-or1k/fbtest/Makefile:118
	builddir_or1ksim/testsuite/test-code-or1k/cfg/Makefile:98
	builddir_or1ksim/testsuite/test-code-or1k/cfg/Makefile:119
	builddir_or1ksim/testsuite/test-code-or1k/cfg/Makefile:125
	builddir_or1ksim/testsuite/test-code-or1k/cfg/Makefile:127
	builddir_or1ksim/testsuite/test-code-or1k/cbasic/Makefile:98
	builddir_or1ksim/testsuite/test-code-or1k/cbasic/Makefile:107
	builddir_or1ksim/testsuite/test-code-or1k/cbasic/Makefile:113
	builddir_or1ksim/testsuite/test-code-or1k/cbasic/Makefile:118
	builddir_or1ksim/testsuite/test-code-or1k/testfloat/Makefile:103
	builddir_or1ksim/testsuite/test-code-or1k/testfloat/Makefile:118
	builddir_or1ksim/testsuite/test-code-or1k/testfloat/Makefile:139
	builddir_or1ksim/testsuite/test-code-or1k/testfloat/Makefile:145
	builddir_or1ksim/testsuite/test-code-or1k/testfloat/Makefile:147
	builddir_or1ksim/testsuite/test-code-or1k/basic/Makefile:98
	builddir_or1ksim/testsuite/test-code-or1k/basic/Makefile:119
	builddir_or1ksim/testsuite/test-code-or1k/basic/Makefile:125
	builddir_or1ksim/testsuite/test-code-or1k/basic/Makefile:127
	builddir_or1ksim/testsuite/test-code-or1k/eth/Makefile:98
	builddir_or1ksim/testsuite/test-code-or1k/eth/Makefile:107
	builddir_or1ksim/testsuite/test-code-or1k/eth/Makefile:113
	builddir_or1ksim/testsuite/test-code-or1k/eth/Makefile:118
	builddir_or1ksim/testsuite/test-code-or1k/mem-test/Makefile:98
	builddir_or1ksim/testsuite/test-code-or1k/mem-test/Makefile:107
	builddir_or1ksim/testsuite/test-code-or1k/mem-test/Makefile:113
	builddir_or1ksim/testsuite/test-code-or1k/mem-test/Makefile:118
	builddir_or1ksim/testsuite/test-code-or1k/cache/Makefile:98
	builddir_or1ksim/testsuite/test-code-or1k/cache/Makefile:119
	builddir_or1ksim/testsuite/test-code-or1k/cache/Makefile:125
	builddir_or1ksim/testsuite/test-code-or1k/cache/Makefile:127
	builddir_or1ksim/testsuite/test-code-or1k/flag/Makefile:98
	builddir_or1ksim/testsuite/test-code-or1k/flag/Makefile:119
	builddir_or1ksim/testsuite/test-code-or1k/flag/Makefile:125
	builddir_or1ksim/testsuite/test-code-or1k/flag/Makefile:127
	builddir_or1ksim/testsuite/test-code-or1k/int-logger/Makefile:98
	builddir_or1ksim/testsuite/test-code-or1k/int-logger/Makefile:107
	builddir_or1ksim/testsuite/test-code-or1k/int-logger/Makefile:113
	builddir_or1ksim/testsuite/test-code-or1k/int-logger/Makefile:118
	builddir_or1ksim/testsuite/test-code-or1k/local-global/Makefile:99
	builddir_or1ksim/testsuite/test-code-or1k/local-global/Makefile:108
	builddir_or1ksim/testsuite/test-code-or1k/local-global/Makefile:114
	builddir_or1ksim/testsuite/test-code-or1k/local-global/Makefile:119
	builddir_or1ksim/testsuite/test-code-or1k/dmatest/Makefile:98
	builddir_or1ksim/testsuite/test-code-or1k/dmatest/Makefile:107
	builddir_or1ksim/testsuite/test-code-or1k/dmatest/Makefile:113
	builddir_or1ksim/testsuite/test-code-or1k/dmatest/Makefile:118
	builddir_or1ksim/testsuite/test-code-or1k/mc-sync/Makefile:99
	builddir_or1ksim/testsuite/test-code-or1k/mc-sync/Makefile:108
	builddir_or1ksim/testsuite/test-code-or1k/mc-sync/Makefile:114
	builddir_or1ksim/testsuite/test-code-or1k/mc-sync/Makefile:119
	builddir_or1ksim/testsuite/test-code-or1k/acv-uart/Makefile:100
	builddir_or1ksim/testsuite/test-code-or1k/acv-uart/Makefile:109
	builddir_or1ksim/testsuite/test-code-or1k/acv-uart/Makefile:115
	builddir_or1ksim/testsuite/test-code-or1k/acv-uart/Makefile:120
	builddir_or1ksim/testsuite/test-code-or1k/tick/Makefile:98
	builddir_or1ksim/testsuite/test-code-or1k/tick/Makefile:107
	builddir_or1ksim/testsuite/test-code-or1k/tick/Makefile:113
	builddir_or1ksim/testsuite/test-code-or1k/tick/Makefile:118
	builddir_or1ksim/testsuite/test-code-or1k/fp/Makefile:98
	builddir_or1ksim/testsuite/test-code-or1k/fp/Makefile:119
	builddir_or1ksim/testsuite/test-code-or1k/fp/Makefile:125
	builddir_or1ksim/testsuite/test-code-or1k/fp/Makefile:127
	builddir_or1ksim/testsuite/test-code-or1k/dhry/Makefile:98
	builddir_or1ksim/testsuite/test-code-or1k/dhry/Makefile:107
	builddir_or1ksim/testsuite/test-code-or1k/dhry/Makefile:113
	builddir_or1ksim/testsuite/test-code-or1k/dhry/Makefile:118
	builddir_or1ksim/testsuite/test-code-or1k/mc-async/Makefile:99
	builddir_or1ksim/testsuite/test-code-or1k/mc-async/Makefile:108
	builddir_or1ksim/testsuite/test-code-or1k/mc-async/Makefile:114
	builddir_or1ksim/testsuite/test-code-or1k/mc-async/Makefile:119
	builddir_or1ksim/testsuite/test-code-or1k/inst-set-test/Makefile:109
	builddir_or1ksim/testsuite/test-code-or1k/inst-set-test/Makefile:116
	builddir_or1ksim/testsuite/test-code-or1k/inst-set-test/Makefile:122
	builddir_or1ksim/testsuite/test-code-or1k/inst-set-test/Makefile:128
	builddir_or1ksim/testsuite/test-code-or1k/inst-set-test/Makefile:134
	builddir_or1ksim/testsuite/test-code-or1k/inst-set-test/Makefile:140
	builddir_or1ksim/testsuite/test-code-or1k/inst-set-test/Makefile:146
	builddir_or1ksim/testsuite/test-code-or1k/inst-set-test/Makefile:152
	builddir_or1ksim/testsuite/test-code-or1k/inst-set-test/Makefile:158
	builddir_or1ksim/testsuite/test-code-or1k/inst-set-test/Makefile:164
	builddir_or1ksim/testsuite/test-code-or1k/inst-set-test/Makefile:170
	builddir_or1ksim/testsuite/test-code-or1k/inst-set-test/Makefile:176
	builddir_or1ksim/testsuite/test-code-or1k/inst-set-test/Makefile:182
	builddir_or1ksim/testsuite/test-code-or1k/inst-set-test/Makefile:188
	builddir_or1ksim/testsuite/test-code-or1k/inst-set-test/Makefile:194
	builddir_or1ksim/testsuite/test-code-or1k/inst-set-test/Makefile:215
	builddir_or1ksim/testsuite/test-code-or1k/inst-set-test/Makefile:221
	builddir_or1ksim/testsuite/test-code-or1k/inst-set-test/Makefile:223
	builddir_or1ksim/testsuite/test-code-or1k/functest/Makefile:98
	builddir_or1ksim/testsuite/test-code-or1k/functest/Makefile:107
	builddir_or1ksim/testsuite/test-code-or1k/functest/Makefile:113
	builddir_or1ksim/testsuite/test-code-or1k/functest/Makefile:118
	builddir_or1ksim/testsuite/test-code-or1k/kbdtest/Makefile:98
	builddir_or1ksim/testsuite/test-code-or1k/kbdtest/Makefile:107
	builddir_or1ksim/testsuite/test-code-or1k/kbdtest/Makefile:113
	builddir_or1ksim/testsuite/test-code-or1k/kbdtest/Makefile:118
	builddir_or1ksim/testsuite/test-code-or1k/acv-gpio/Makefile:100
	builddir_or1ksim/testsuite/test-code-or1k/acv-gpio/Makefile:109
	builddir_or1ksim/testsuite/test-code-or1k/acv-gpio/Makefile:115
	builddir_or1ksim/testsuite/test-code-or1k/acv-gpio/Makefile:120
	builddir_or1ksim/testsuite/test-code-or1k/ext/Makefile:98
	builddir_or1ksim/testsuite/test-code-or1k/ext/Makefile:119
	builddir_or1ksim/testsuite/test-code-or1k/ext/Makefile:125
	builddir_or1ksim/testsuite/test-code-or1k/ext/Makefile:127
	builddir_or1ksim/testsuite/test-code-or1k/except-test/Makefile:98
	builddir_or1ksim/testsuite/test-code-or1k/except-test/Makefile:119
	builddir_or1ksim/testsuite/test-code-or1k/except-test/Makefile:125
	builddir_or1ksim/testsuite/test-code-or1k/except-test/Makefile:127
	builddir_or1ksim/testsuite/test-code-or1k/exit/Makefile:98
	builddir_or1ksim/testsuite/test-code-or1k/exit/Makefile:107
	builddir_or1ksim/testsuite/test-code-or1k/exit/Makefile:113
	builddir_or1ksim/testsuite/test-code-or1k/exit/Makefile:118
	builddir_or1ksim/testsuite/test-code-or1k/upcalls/Makefile:99
	builddir_or1ksim/testsuite/test-code-or1k/upcalls/Makefile:106
	builddir_or1ksim/testsuite/test-code-or1k/upcalls/Makefile:116
	builddir_or1ksim/testsuite/test-code-or1k/upcalls/Makefile:122
	builddir_or1ksim/testsuite/test-code-or1k/upcalls/Makefile:127
	builddir_or1ksim/testsuite/test-code-or1k/mul/Makefile:98
	builddir_or1ksim/testsuite/test-code-or1k/mul/Makefile:107
	builddir_or1ksim/testsuite/test-code-or1k/mul/Makefile:113
	builddir_or1ksim/testsuite/test-code-or1k/mul/Makefile:118
	builddir_or1ksim/testsuite/test-code-or1k/mc-dram/Makefile:99
	builddir_or1ksim/testsuite/test-code-or1k/mc-dram/Makefile:108
	builddir_or1ksim/testsuite/test-code-or1k/mc-dram/Makefile:114
	builddir_or1ksim/testsuite/test-code-or1k/mc-dram/Makefile:119
	builddir_or1ksim/testsuite/test-code-or1k/except/Makefile:116
	builddir_or1ksim/testsuite/test-code-or1k/except/Makefile:122
	builddir_or1ksim/testsuite/test-code-or1k/except/Makefile:124
	builddir_or1ksim/testsuite/test-code-or1k/mc-ssram/Makefile:99
	builddir_or1ksim/testsuite/test-code-or1k/mc-ssram/Makefile:108
	builddir_or1ksim/testsuite/test-code-or1k/mc-ssram/Makefile:114
	builddir_or1ksim/testsuite/test-code-or1k/mc-ssram/Makefile:119
	builddir_or1ksim/testsuite/test-code-or1k/pcu/Makefile:96
	builddir_or1ksim/testsuite/test-code-or1k/pcu/Makefile:117
	builddir_or1ksim/testsuite/test-code-or1k/pcu/Makefile:123
	builddir_or1ksim/testsuite/test-code-or1k/pcu/Makefile:125
	builddir_or1ksim/testsuite/test-code-or1k/support/Makefile:104
	builddir_or1ksim/testsuite/test-code-or1k/support/Makefile:110
	builddir_or1ksim/testsuite/test-code-or1k/support/Makefile:115
	builddir_or1ksim/testsuite/test-code-or1k/int-test/Makefile:98
	builddir_or1ksim/testsuite/test-code-or1k/int-test/Makefile:119
	builddir_or1ksim/testsuite/test-code-or1k/int-test/Makefile:125
	builddir_or1ksim/testsuite/test-code-or1k/int-test/Makefile:127
	builddir_or1ksim/testsuite/test-code-or1k/mycompress/Makefile:98
	builddir_or1ksim/testsuite/test-code-or1k/mycompress/Makefile:107
	builddir_or1ksim/testsuite/test-code-or1k/mycompress/Makefile:113
	builddir_or1ksim/testsuite/test-code-or1k/mycompress/Makefile:118
	builddir_or1ksim/testsuite/test-code-or1k/mc-common/Makefile:116
	builddir_or1ksim/testsuite/test-code-or1k/mc-common/Makefile:122
	builddir_or1ksim/testsuite/test-code-or1k/mc-common/Makefile:124
	builddir_or1ksim/testsuite/test-code-or1k/mmu/Makefile:98
	builddir_or1ksim/testsuite/test-code-or1k/mmu/Makefile:119
	builddir_or1ksim/testsuite/test-code-or1k/mmu/Makefile:125
	builddir_or1ksim/testsuite/test-code-or1k/mmu/Makefile:127
	builddir_or1ksim/testsuite/test-code-or1k/loop/Makefile:98
	builddir_or1ksim/testsuite/test-code-or1k/loop/Makefile:104
	builddir_or1ksim/testsuite/test-code-or1k/loop/Makefile:111
	builddir_or1ksim/testsuite/test-code-or1k/loop/Makefile:120
	builddir_or1ksim/testsuite/test-code-or1k/loop/Makefile:126
	builddir_or1ksim/testsuite/test-code-or1k/loop/Makefile:131
	builddir_or1ksim/testsuite/test-code-or1k/uos/Makefile:101
	builddir_or1ksim/testsuite/test-code-or1k/uos/Makefile:122
	builddir_or1ksim/testsuite/test-code-or1k/uos/Makefile:128
	builddir_or1ksim/testsuite/test-code-or1k/uos/Makefile:130
	builddir_or1ksim/vapi/Makefile:101
	builddir_or1ksim/vapi/Makefile:107
	builddir_or1ksim/vapi/Makefile:112
	builddir_or1ksim/pcu/Makefile:100
	builddir_or1ksim/pcu/Makefile:106
	builddir_or1ksim/pcu/Makefile:111
	builddir_or1ksim/support/Makefile:104
	builddir_or1ksim/support/Makefile:110
	builddir_or1ksim/support/Makefile:115
	builddir_or1ksim/pic/Makefile:103
	builddir_or1ksim/pic/Makefile:109
	builddir_or1ksim/pic/Makefile:114
	builddir_or1ksim/peripheral/Makefile:105
	builddir_or1ksim/peripheral/Makefile:111
	builddir_or1ksim/peripheral/Makefile:116
	builddir_or1ksim/peripheral/channels/Makefile:104
	builddir_or1ksim/peripheral/channels/Makefile:110
	builddir_or1ksim/peripheral/channels/Makefile:115
	builddir_or1ksim/cpu/common/Makefile:104
	builddir_or1ksim/cpu/common/Makefile:110
	builddir_or1ksim/cpu/common/Makefile:115
	builddir_or1ksim/cpu/or1k/Makefile:103
	builddir_or1ksim/cpu/or1k/Makefile:109
	builddir_or1ksim/cpu/or1k/Makefile:114
	builddir_or1ksim/cpu/or32/Makefile:107
	builddir_or1ksim/cpu/or32/Makefile:116
	builddir_or1ksim/cpu/or32/Makefile:122
	builddir_or1ksim/cpu/or32/Makefile:127
	builddir_or1ksim/bpb/Makefile:103
	builddir_or1ksim/bpb/Makefile:109
	builddir_or1ksim/bpb/Makefile:114
	builddir_or1ksim/mmu/Makefile:103
	builddir_or1ksim/mmu/Makefile:109
	builddir_or1ksim/mmu/Makefile:114
autoscan: warning: missing AC_PROG_RANLIB wanted by: 
	ltmain.sh:2454
	builddir_or1ksim/Makefile:318
	builddir_or1ksim/argtable2/Makefile:240
	builddir_or1ksim/softfloat/Makefile:204
	builddir_or1ksim/pm/Makefile:202
	builddir_or1ksim/port/Makefile:202
	builddir_or1ksim/doc/Makefile:213
	builddir_or1ksim/cache/Makefile:202
	builddir_or1ksim/tick/Makefile:202
	builddir_or1ksim/cuc/Makefile:201
	builddir_or1ksim/debug/Makefile:202
	builddir_or1ksim/testsuite/Makefile:221
	builddir_or1ksim/testsuite/or1ksim.tests/Makefile:178
	builddir_or1ksim/testsuite/libsim.tests/Makefile:178
	builddir_or1ksim/testsuite/lib/Makefile:178
	builddir_or1ksim/testsuite/test-code/Makefile:217
	builddir_or1ksim/testsuite/test-code/lib-upcalls/Makefile:204
	builddir_or1ksim/testsuite/test-code/lib-iftest/Makefile:207
	builddir_or1ksim/testsuite/test-code/lib-inttest/Makefile:204
	builddir_or1ksim/testsuite/test-code/lib-jtag/Makefile:207
	builddir_or1ksim/testsuite/config/Makefile:178
	builddir_or1ksim/vapi/Makefile:200
	builddir_or1ksim/pcu/Makefile:199
	builddir_or1ksim/support/Makefile:203
	builddir_or1ksim/pic/Makefile:202
	builddir_or1ksim/peripheral/Makefile:242
	builddir_or1ksim/peripheral/channels/Makefile:203
	builddir_or1ksim/cpu/Makefile:212
	builddir_or1ksim/cpu/common/Makefile:203
	builddir_or1ksim/cpu/or1k/Makefile:202
	builddir_or1ksim/cpu/or32/Makefile:218
	builddir_or1ksim/bpb/Makefile:202
	builddir_or1ksim/mmu/Makefile:202
	builddir_or1ksim/Makefile:318
	builddir_or1ksim/argtable2/Makefile:240
	builddir_or1ksim/softfloat/Makefile:204
	builddir_or1ksim/pm/Makefile:202
	builddir_or1ksim/port/Makefile:202
	builddir_or1ksim/doc/Makefile:213
	builddir_or1ksim/cache/Makefile:202
	builddir_or1ksim/tick/Makefile:202
	builddir_or1ksim/cuc/Makefile:201
	builddir_or1ksim/debug/Makefile:202
	builddir_or1ksim/testsuite/Makefile:221
	builddir_or1ksim/testsuite/or1ksim.tests/Makefile:178
	builddir_or1ksim/testsuite/libsim.tests/Makefile:178
	builddir_or1ksim/testsuite/lib/Makefile:178
	builddir_or1ksim/testsuite/test-code/Makefile:217
	builddir_or1ksim/testsuite/test-code/lib-upcalls/Makefile:204
	builddir_or1ksim/testsuite/test-code/lib-iftest/Makefile:207
	builddir_or1ksim/testsuite/test-code/lib-inttest/Makefile:204
	builddir_or1ksim/testsuite/test-code/lib-jtag/Makefile:207
	builddir_or1ksim/testsuite/config/Makefile:178
	builddir_or1ksim/testsuite/test-code-or1k/Makefile:226
	builddir_or1ksim/testsuite/test-code-or1k/fbtest/Makefile:196
	builddir_or1ksim/testsuite/test-code-or1k/cfg/Makefile:205
	builddir_or1ksim/testsuite/test-code-or1k/cbasic/Makefile:196
	builddir_or1ksim/testsuite/test-code-or1k/testfloat/Makefile:225
	builddir_or1ksim/testsuite/test-code-or1k/basic/Makefile:205
	builddir_or1ksim/testsuite/test-code-or1k/eth/Makefile:196
	builddir_or1ksim/testsuite/test-code-or1k/mem-test/Makefile:196
	builddir_or1ksim/testsuite/test-code-or1k/cache/Makefile:205
	builddir_or1ksim/testsuite/test-code-or1k/flag/Makefile:205
	builddir_or1ksim/testsuite/test-code-or1k/int-logger/Makefile:196
	builddir_or1ksim/testsuite/test-code-or1k/local-global/Makefile:197
	builddir_or1ksim/testsuite/test-code-or1k/dmatest/Makefile:196
	builddir_or1ksim/testsuite/test-code-or1k/mc-sync/Makefile:197
	builddir_or1ksim/testsuite/test-code-or1k/acv-uart/Makefile:198
	builddir_or1ksim/testsuite/test-code-or1k/tick/Makefile:196
	builddir_or1ksim/testsuite/test-code-or1k/fp/Makefile:205
	builddir_or1ksim/testsuite/test-code-or1k/dhry/Makefile:196
	builddir_or1ksim/testsuite/test-code-or1k/mc-async/Makefile:197
	builddir_or1ksim/testsuite/test-code-or1k/inst-set-test/Makefile:316
	builddir_or1ksim/testsuite/test-code-or1k/functest/Makefile:196
	builddir_or1ksim/testsuite/test-code-or1k/kbdtest/Makefile:196
	builddir_or1ksim/testsuite/test-code-or1k/acv-gpio/Makefile:198
	builddir_or1ksim/testsuite/test-code-or1k/ext/Makefile:205
	builddir_or1ksim/testsuite/test-code-or1k/except-test/Makefile:205
	builddir_or1ksim/testsuite/test-code-or1k/exit/Makefile:196
	builddir_or1ksim/testsuite/test-code-or1k/upcalls/Makefile:205
	builddir_or1ksim/testsuite/test-code-or1k/mul/Makefile:196
	builddir_or1ksim/testsuite/test-code-or1k/mc-dram/Makefile:197
	builddir_or1ksim/testsuite/test-code-or1k/except/Makefile:202
	builddir_or1ksim/testsuite/test-code-or1k/mc-ssram/Makefile:197
	builddir_or1ksim/testsuite/test-code-or1k/pcu/Makefile:203
	builddir_or1ksim/testsuite/test-code-or1k/support/Makefile:193
	builddir_or1ksim/testsuite/test-code-or1k/int-test/Makefile:205
	builddir_or1ksim/testsuite/test-code-or1k/mycompress/Makefile:196
	builddir_or1ksim/testsuite/test-code-or1k/mc-common/Makefile:202
	builddir_or1ksim/testsuite/test-code-or1k/mmu/Makefile:205
	builddir_or1ksim/testsuite/test-code-or1k/loop/Makefile:210
	builddir_or1ksim/testsuite/test-code-or1k/uos/Makefile:208
	builddir_or1ksim/vapi/Makefile:200
	builddir_or1ksim/pcu/Makefile:199
	builddir_or1ksim/support/Makefile:203
	builddir_or1ksim/pic/Makefile:202
	builddir_or1ksim/peripheral/Makefile:242
	builddir_or1ksim/peripheral/channels/Makefile:203
	builddir_or1ksim/cpu/Makefile:212
	builddir_or1ksim/cpu/common/Makefile:203
	builddir_or1ksim/cpu/or1k/Makefile:202
	builddir_or1ksim/cpu/or32/Makefile:218
	builddir_or1ksim/bpb/Makefile:202
	builddir_or1ksim/mmu/Makefile:202
autoscan: warning: missing AC_TYPE_INT16_T wanted by: 
	builddir_or1ksim/cpu/or32/execgen.c:3509
	builddir_or1ksim/cpu/or32/execgen.c:6442
	port/port.h:127
	cpu/or32/insnset.c:207
	cpu/or32/insnset.c:688
autoscan: warning: missing AC_TYPE_INT32_T wanted by: 
	builddir_or1ksim/cpu/or32/execgen.c:6573
	port/port.h:111
	port/port.h:113
	debug/gdb.h:86
	debug/gdb.h:93
	debug/gdb.h:108
	debug/gdb.h:112
	debug/gdb.h:118
	debug/gdb.h:122
	debug/gdb.h:123
	debug/gdb.h:128
	debug/gdb.h:132
	support/sched.c:117
	support/sched.c:121
	support/sched.c:178
	support/sched.h:40
	support/sched.h:65
	peripheral/eth.c:167
	peripheral/eth.c:446
	cpu/common/parse.c:177
	cpu/common/parse.c:180
	cpu/common/parse.c:322
	cpu/common/elf.h:27
	cpu/or1k/arch.h:48
	cpu/or32/insnset.c:698
autoscan: warning: missing AC_TYPE_INT8_T wanted by: 
	builddir_or1ksim/cpu/or32/execgen.c:3439
	builddir_or1ksim/cpu/or32/execgen.c:3546
	builddir_or1ksim/cpu/or32/execgen.c:3622
	builddir_or1ksim/cpu/or32/execgen.c:5591
	builddir_or1ksim/cpu/or32/execgen.c:5679
	builddir_or1ksim/cpu/or32/execgen.c:6470
	port/port.h:141
	cpu/or32/insnset.c:32
	cpu/or32/insnset.c:81
	cpu/or32/insnset.c:189
	cpu/or32/insnset.c:678
autoscan: warning: missing AC_TYPE_SSIZE_T wanted by: 
	peripheral/eth.c:164
	peripheral/eth.c:169
	peripheral/eth.c:207
	peripheral/eth.c:212
	peripheral/eth.c:267
	peripheral/eth.c:270
	peripheral/eth.c:282
	peripheral/eth.c:442
	peripheral/eth.c:447
	peripheral/eth.c:479
	peripheral/eth.c:501
	peripheral/eth.c:508
	peripheral/eth.c:569
	peripheral/eth.c:582
	peripheral/eth.c:764
autoscan: warning: missing AC_TYPE_UINT16_T wanted by: 
	libtoplevel.c:617
	libtoplevel.c:642
	builddir_or1ksim/cpu/or32/execgen.c:3474
	builddir_or1ksim/cpu/or32/execgen.c:3885
	builddir_or1ksim/cpu/or32/execgen.c:4385
	builddir_or1ksim/cpu/or32/execgen.c:6498
	port/port.h:119
	debug/jtag.c:1068
	debug/jtag.c:1349
	peripheral/atadevice.h:138
	peripheral/atadevice.h:139
	peripheral/atadevice.h:140
	peripheral/atadevice.h:172
	peripheral/16450.c:187
	peripheral/16450.c:202
	peripheral/16450.c:720
	peripheral/atadevice.c:405
	peripheral/generic.c:215
	peripheral/generic.c:291
	peripheral/memory.c:77
	peripheral/memory.c:81
	peripheral/memory.c:83
	peripheral/memory.c:104
	peripheral/memory.c:107
	peripheral/memory.c:109
	peripheral/memory.c:133
	peripheral/memory.c:163
	peripheral/atadevice-cmdi.c:66
	cpu/common/abstract.c:72
	cpu/common/abstract.c:75
	cpu/common/abstract.c:78
	cpu/common/abstract.c:81
	cpu/common/abstract.c:292
	cpu/common/abstract.c:313
	cpu/common/abstract.c:334
	cpu/common/abstract.c:364
	cpu/common/abstract.c:416
	cpu/common/abstract.c:588
	cpu/common/abstract.c:591
	cpu/common/abstract.c:628
	cpu/common/abstract.c:759
	cpu/common/abstract.c:903
	cpu/common/abstract.c:944
	cpu/common/abstract.h:93
	cpu/common/abstract.h:141
	cpu/common/abstract.h:144
	cpu/common/abstract.h:155
	cpu/common/abstract.h:158
	cpu/common/abstract.h:178
	cpu/common/abstract.h:185
	cpu/common/elf.h:25
	cpu/or1k/spr-dump.c:47
	cpu/or1k/spr-dump.c:48
	cpu/or1k/spr-dump.c:479
	cpu/or1k/spr-dump.c:482
	cpu/or1k/spr-dump.c:483
	cpu/or1k/sprs.h:37
	cpu/or1k/sprs.h:39
	cpu/or1k/sprs.h:41
	cpu/or1k/spr-dump.h:38
	cpu/or1k/sprs.c:54
	cpu/or1k/sprs.c:203
	cpu/or32/insnset.c:216
	cpu/or32/insnset.c:693
	cpu/or32/insnset.c:708
	cpu/or32/insnset.c:719
autoscan: warning: missing AC_TYPE_UINT32_T wanted by: 
	builddir_or1ksim/cpu/or32/execgen.c:39
	builddir_or1ksim/cpu/or32/execgen.c:44
	builddir_or1ksim/cpu/or32/execgen.c:173
	builddir_or1ksim/cpu/or32/execgen.c:3334
	builddir_or1ksim/cpu/or32/execgen.c:3369
	builddir_or1ksim/cpu/or32/execgen.c:6601
	port/port.h:101
	port/port.h:103
	cache/icache-model.h:63
	cache/dcache-model.c:50
	cache/dcache-model.c:83
	cache/dcache-model.c:89
	cache/dcache-model.c:222
	cache/dcache-model.c:228
	cache/dcache-model.h:41
	cache/dcache-model.h:46
	cache/icache-model.c:87
	cache/icache-model.c:94
	cache/icache-model.c:128
	cache/icache-model.c:162
	cache/icache-model.c:183
	tick/tick.c:111
	tick/tick.c:113
	tick/tick.c:114
	debug/jtag.c:78
	debug/jtag.c:81
	debug/jtag.c:83
	debug/jtag.c:90
	debug/jtag.c:91
	debug/jtag.c:183
	debug/jtag.c:188
	debug/jtag.c:192
	debug/jtag.c:302
	debug/jtag.c:302
	debug/jtag.c:303
	debug/jtag.c:304
	debug/jtag.c:305
	debug/jtag.c:306
	debug/jtag.c:309
	debug/jtag.c:388
	debug/jtag.c:398
	debug/jtag.c:483
	debug/jtag.c:494
	debug/jtag.c:495
	debug/jtag.c:559
	debug/jtag.c:567
	debug/jtag.c:644
	debug/jtag.c:644
	debug/jtag.c:645
	debug/jtag.c:646
	debug/jtag.c:647
	debug/jtag.c:648
	debug/jtag.c:651
	debug/jtag.c:657
	debug/jtag.c:797
	debug/jtag.c:810
	debug/jtag.c:812
	debug/jtag.c:889
	debug/jtag.c:890
	debug/jtag.c:891
	debug/jtag.c:892
	debug/jtag.c:893
	debug/jtag.c:894
	debug/jtag.c:898
	debug/jtag.c:1042
	debug/jtag.c:1042
	debug/jtag.c:1043
	debug/jtag.c:1044
	debug/jtag.c:1045
	debug/jtag.c:1046
	debug/jtag.c:1049
	debug/jtag.c:1055
	debug/jtag.c:1067
	debug/jtag.c:1152
	debug/jtag.c:1344
	debug/jtag.c:1344
	debug/jtag.c:1345
	debug/jtag.c:1346
	debug/jtag.c:1347
	debug/jtag.c:1348
	debug/jtag.c:1349
	debug/jtag.c:1350
	debug/jtag.c:1351
	debug/jtag.c:1352
	debug/jtag.c:1352
	debug/jtag.c:1353
	debug/jtag.c:1354
	debug/jtag.c:1355
	debug/jtag.c:1356
	debug/jtag.c:1359
	debug/jtag.c:1494
	debug/jtag.c:1494
	debug/jtag.c:1495
	debug/jtag.c:1496
	debug/jtag.c:1497
	debug/jtag.c:1498
	debug/jtag.c:1501
	debug/jtag.c:1507
	debug/jtag.c:1630
	debug/jtag.c:1630
	debug/jtag.c:1631
	debug/jtag.c:1632
	debug/jtag.c:1633
	debug/jtag.c:1634
	debug/jtag.c:1637
	debug/gdb.h:69
	debug/gdb.h:70
	debug/gdb.h:71
	debug/gdb.h:75
	debug/gdb.h:76
	debug/gdb.h:77
	debug/gdb.h:78
	debug/gdb.h:79
	debug/gdb.h:83
	debug/gdb.h:84
	debug/gdb.h:85
	debug/gdb.h:90
	debug/gdb.h:91
	debug/gdb.h:92
	debug/gdb.h:94
	debug/gdb.h:98
	debug/gdb.h:99
	debug/gdb.h:100
	debug/gdb.h:113
	debug/gdb.h:114
	debug/gdb.h:124
	debug/debug-unit.c:892
	support/dumpverilog.c:95
	support/dumpverilog.c:165
	pic/pic.c:129
	peripheral/fb.c:87
	peripheral/atadevice.h:150
	peripheral/atadevice.h:194
	peripheral/atadevice.h:195
	peripheral/atadevice.c:81
	peripheral/mc.c:64
	peripheral/mc.c:65
	peripheral/mc.c:66
	peripheral/mc.c:67
	peripheral/mc.c:68
	peripheral/mc.c:87
	peripheral/mc.c:87
	peripheral/mc.c:132
	peripheral/mc.c:166
	peripheral/mc.c:170
	peripheral/generic.c:69
	peripheral/generic.c:79
	peripheral/generic.c:356
	peripheral/generic.c:428
	peripheral/eth.c:1182
	peripheral/eth.c:1187
	peripheral/eth.c:1406
	peripheral/atahost.h:155
	peripheral/atahost.h:156
	peripheral/atahost.h:157
	peripheral/atahost.h:158
	peripheral/atahost.h:159
	peripheral/atahost.h:160
	peripheral/atahost.h:161
	peripheral/atahost.h:162
	peripheral/atahost.h:163
	peripheral/vga.c:88
	peripheral/vga.c:137
	peripheral/memory.c:71
	peripheral/memory.c:74
	peripheral/memory.c:98
	peripheral/memory.c:100
	peripheral/memory.c:123
	peripheral/memory.c:154
	peripheral/atahost.c:102
	peripheral/atahost.c:173
	peripheral/dma.c:128
	peripheral/dma.c:132
	peripheral/dma.c:208
	peripheral/atadevice-cmdi.c:64
	peripheral/atadevice-cmdi.c:89
	peripheral/atadevice-cmdi.c:92
	peripheral/atadevice-cmdi.c:934
	peripheral/atadevice-cmdi.c:999
	peripheral/gpio.c:147
	peripheral/gpio.c:178
	cpu/common/execute.h:88
	cpu/common/parse.h:37
	cpu/common/parse.c:63
	cpu/common/parse.c:68
	cpu/common/parse.c:172
	cpu/common/parse.c:186
	cpu/common/parse.c:190
	cpu/common/parse.c:201
	cpu/common/parse.c:285
	cpu/common/parse.c:321
	cpu/common/parse.c:351
	cpu/common/parse.c:419
	cpu/common/parse.c:419
	cpu/common/parse.c:424
	cpu/common/parse.c:455
	cpu/common/parse.c:455
	cpu/common/parse.c:465
	cpu/common/parse.c:508
	cpu/common/parse.c:512
	cpu/common/parse.c:513
	cpu/common/parse.c:514
	cpu/common/parse.c:784
	cpu/common/parse.c:857
	cpu/common/abstract.c:71
	cpu/common/abstract.c:74
	cpu/common/abstract.c:77
	cpu/common/abstract.c:80
	cpu/common/abstract.c:86
	cpu/common/abstract.c:101
	cpu/common/abstract.c:160
	cpu/common/abstract.c:299
	cpu/common/abstract.c:319
	cpu/common/abstract.c:344
	cpu/common/abstract.c:373
	cpu/common/abstract.c:386
	cpu/common/abstract.c:475
	cpu/common/abstract.c:478
	cpu/common/abstract.c:515
	cpu/common/abstract.c:553
	cpu/common/abstract.c:556
	cpu/common/abstract.c:730
	cpu/common/abstract.c:819
	cpu/common/abstract.c:860
	cpu/common/abstract.c:1059
	cpu/common/abstract.c:1199
	cpu/common/abstract.c:1251
	cpu/common/abstract.h:73
	cpu/common/abstract.h:92
	cpu/common/abstract.h:104
	cpu/common/abstract.h:125
	cpu/common/abstract.h:140
	cpu/common/abstract.h:143
	cpu/common/abstract.h:153
	cpu/common/abstract.h:154
	cpu/common/abstract.h:157
	cpu/common/abstract.h:163
	cpu/common/abstract.h:174
	cpu/common/abstract.h:175
	cpu/common/abstract.h:186
	cpu/common/abstract.h:188
	cpu/common/elf.h:24
	cpu/common/elf.h:26
	cpu/common/elf.h:28
	cpu/or1k/arch.h:46
	cpu/or1k/arch.h:47
	cpu/or32/execute.c:193
	cpu/or32/execute.c:711
	cpu/or32/execute.c:1149
	cpu/or32/execute.c:1211
	cpu/or32/insnset.c:171
	cpu/or32/insnset.c:180
	cpu/or32/insnset.c:548
	cpu/or32/insnset.c:703
autoscan: warning: missing AC_TYPE_UINT64_T wanted by: 
	debug/jtag.c:79
	debug/jtag.c:113
	debug/jtag.c:114
	debug/jtag.c:1515
	debug/jtag.c:1524
	debug/jtag.c:1622
	debug/jtag.c:1622
	debug/jtag.c:1623
	debug/jtag.c:1624
	debug/jtag.c:1625
	debug/jtag.c:1626
	debug/jtag.c:1627
	debug/jtag.c:1628
	debug/jtag.c:1629
autoscan: warning: missing AC_TYPE_UINT8_T wanted by: 
	builddir_or1ksim/cpu/or32/execgen.c:3404
	builddir_or1ksim/cpu/or32/execgen.c:6526
	port/port.h:133
	cache/icache-model.h:39
	debug/jtag.c:144
	debug/jtag.c:145
	debug/jtag.c:182
	debug/jtag.c:191
	debug/jtag.c:301
	debug/jtag.c:804
	debug/jtag.c:907
	debug/jtag.c:1066
	debug/jtag.c:1342
	support/dumpverilog.c:153
	support/dumpverilog.c:155
	peripheral/atadevice.h:161
	peripheral/atadevice.h:162
	peripheral/atadevice.h:163
	peripheral/atadevice.h:164
	peripheral/atadevice.h:165
	peripheral/atadevice.h:166
	peripheral/atadevice.h:167
	peripheral/atadevice.h:168
	peripheral/atadevice.h:169
	peripheral/atadevice.h:170
	peripheral/16450.c:186
	peripheral/16450.c:188
	peripheral/16450.c:189
	peripheral/16450.c:190
	peripheral/16450.c:191
	peripheral/16450.c:192
	peripheral/16450.c:193
	peripheral/16450.c:194
	peripheral/16450.c:195
	peripheral/16450.c:196
	peripheral/16450.c:197
	peripheral/16450.c:201
	peripheral/16450.c:203
	peripheral/16450.c:225
	peripheral/16450.c:226
	peripheral/16450.c:227
	peripheral/16450.c:751
	peripheral/16450.c:786
	peripheral/16450.c:886
	peripheral/16450.c:890
	peripheral/ps2kbd.c:372
	peripheral/ps2kbd.c:386
	peripheral/ps2kbd.c:389
	peripheral/ps2kbd.c:441
	peripheral/ps2kbd.c:489
	peripheral/generic.c:101
	peripheral/generic.c:161
	peripheral/atahost.h:132
	peripheral/atahost.h:135
	peripheral/atahost.h:138
	peripheral/atahost.h:141
	peripheral/atahost.h:144
	peripheral/atahost.h:147
	peripheral/atahost.h:150
	peripheral/memory.c:87
	peripheral/memory.c:91
	peripheral/memory.c:93
	peripheral/memory.c:114
	peripheral/memory.c:117
	peripheral/memory.c:119
	peripheral/memory.c:143
	peripheral/memory.c:172
	peripheral/memory.c:186
	cpu/common/abstract.c:73
	cpu/common/abstract.c:76
	cpu/common/abstract.c:79
	cpu/common/abstract.c:82
	cpu/common/abstract.c:285
	cpu/common/abstract.c:307
	cpu/common/abstract.c:324
	cpu/common/abstract.c:355
	cpu/common/abstract.c:446
	cpu/common/abstract.c:665
	cpu/common/abstract.c:668
	cpu/common/abstract.c:698
	cpu/common/abstract.c:788
	cpu/common/abstract.c:985
	cpu/common/abstract.c:1022
	cpu/common/abstract.c:1084
	cpu/common/abstract.h:94
	cpu/common/abstract.h:105
	cpu/common/abstract.h:142
	cpu/common/abstract.h:145
	cpu/common/abstract.h:156
	cpu/common/abstract.h:159
	cpu/common/abstract.h:181
	cpu/common/abstract.h:184
	cpu/common/abstract.h:190
	cpu/or32/insnset.c:198
	cpu/or32/insnset.c:683
